\BOOKMARK [-1][-]{part.1}{I\040Introduzione}{}% 1
\BOOKMARK [0][-]{chapter.1}{Programma}{part.1}% 2
\BOOKMARK [-1][-]{part.2}{II\040Introduzione\040alla\040fisica}{}% 3
\BOOKMARK [0][-]{chapter.2}{Introduzione\040alla\040fisica}{part.2}% 4
\BOOKMARK [0][-]{chapter.3}{Grandezze\040fisiche}{part.2}% 5
\BOOKMARK [1][-]{section.3.1}{Spazio}{chapter.3}% 6
\BOOKMARK [1][-]{section.3.2}{Quantità di materia}{chapter.3}% 7
\BOOKMARK [1][-]{section.3.3}{Tempo}{chapter.3}% 8
\BOOKMARK [1][-]{section.3.4}{Temperatura}{chapter.3}% 9
\BOOKMARK [1][-]{section.3.5}{Carica\040e\040corrente\040elettrica}{chapter.3}% 10
\BOOKMARK [1][-]{section.3.6}{Quantità di sostanza, la mole}{chapter.3}% 11
\BOOKMARK [1][-]{section.3.7}{Intensità luminosa}{chapter.3}% 12
\BOOKMARK [0][-]{chapter.4}{Il\040metodo\040scientifico}{part.2}% 13
\BOOKMARK [-1][-]{part.3}{III\040Meccanica\040classica}{}% 14
\BOOKMARK [0][-]{chapter.5}{Meccanica\040classica}{part.3}% 15
\BOOKMARK [0][-]{chapter.6}{Introduzione\040alla\040meccanica\040classica}{part.3}% 16
\BOOKMARK [1][-]{section.6.1}{Breve\040storia}{chapter.6}% 17
\BOOKMARK [2][-]{subsection.6.1.1}{Osservazioni\040astronomiche}{section.6.1}% 18
\BOOKMARK [2][-]{subsection.6.1.2}{Galileo}{section.6.1}% 19
\BOOKMARK [2][-]{subsection.6.1.3}{Newton}{section.6.1}% 20
\BOOKMARK [1][-]{section.6.2}{Modelli}{chapter.6}% 21
\BOOKMARK [0][-]{chapter.7}{Cinematica}{part.3}% 22
\BOOKMARK [1][-]{section.7.1}{Cinematica\040del\040punto}{chapter.7}% 23
\BOOKMARK [2][-]{subsection.7.1.1}{Moti\040particolari}{section.7.1}% 24
\BOOKMARK [3][-]{subsubsection*.3}{Moto\040non\040accelerato}{subsection.7.1.1}% 25
\BOOKMARK [3][-]{subsubsection*.4}{Moto\040uniformemente\040accelerato}{subsection.7.1.1}% 26
\BOOKMARK [3][-]{subsubsection*.5}{Moto\040circolare}{subsection.7.1.1}% 27
\BOOKMARK [4][-]{paragraph*.6}{Moto\040circolare\040uniforme}{subsubsection*.5}% 28
\BOOKMARK [3][-]{subsubsection*.7}{Moto\040armonico\040lungo\040un\040segmento}{subsection.7.1.1}% 29
\BOOKMARK [2][-]{subsection.7.1.2}{Problemi}{section.7.1}% 30
\BOOKMARK [1][-]{section.7.2}{Cinematica\040di\040un\040corpo\040rigido}{chapter.7}% 31
\BOOKMARK [2][-]{subsection.7.2.1}{Posizione\040dei\040punti\040di\040un\040corpo\040rigido}{section.7.2}% 32
\BOOKMARK [2][-]{subsection.7.2.2}{Velocità dei punti di un corpo rigido}{section.7.2}% 33
\BOOKMARK [2][-]{subsection.7.2.3}{Accelerazione\040dei\040punti\040di\040un\040corpo\040rigido}{section.7.2}% 34
\BOOKMARK [1][-]{section.7.3}{Cinematica\040dei\040sistemi\040deformabili}{chapter.7}% 35
\BOOKMARK [1][-]{section.7.4}{Cinematica\040relativa}{chapter.7}% 36
\BOOKMARK [1][-]{section.7.5}{Problemi}{chapter.7}% 37
\BOOKMARK [2][-]{subsection.7.5.1}{Cinematica\040del\040punto}{section.7.5}% 38
\BOOKMARK [2][-]{subsection.7.5.2}{Cinematica\040del\040corpo\040rigido}{section.7.5}% 39
\BOOKMARK [0][-]{chapter.8}{Azioni}{part.3}% 40
\BOOKMARK [1][-]{section.8.1}{Forza,\040momento\040di\040una\040forza,\040azioni\040distribuite}{chapter.8}% 41
\BOOKMARK [2][-]{subsection.8.1.1}{Forza\040concentrata}{section.8.1}% 42
\BOOKMARK [2][-]{subsection.8.1.2}{Momento\040di\040una\040forza\040concentrata}{section.8.1}% 43
\BOOKMARK [2][-]{subsection.8.1.3}{Sistema\040di\040forze,\040risultante\040delle\040azioni\040e\040carichi\040equivalenti}{section.8.1}% 44
\BOOKMARK [2][-]{subsection.8.1.4}{Coppia\040di\040forze}{section.8.1}% 45
\BOOKMARK [2][-]{subsection.8.1.5}{Campi\040di\040forze}{section.8.1}% 46
\BOOKMARK [2][-]{subsection.8.1.6}{Azioni\040distribuite}{section.8.1}% 47
\BOOKMARK [1][-]{section.8.2}{Lavoro\040e\040potenza}{chapter.8}% 48
\BOOKMARK [2][-]{subsection.8.2.1}{Lavoro\040e\040potenza\040di\040una\040forza}{section.8.2}% 49
\BOOKMARK [2][-]{subsection.8.2.2}{Lavoro\040e\040potenza\040di\040un\040sistema\040di\040forze}{section.8.2}% 50
\BOOKMARK [2][-]{subsection.8.2.3}{Lavoro\040e\040potenza\040di\040una\040coppia\040di\040forze}{section.8.2}% 51
\BOOKMARK [1][-]{section.8.3}{Azioni\040conservative}{chapter.8}% 52
\BOOKMARK [1][-]{section.8.4}{Esempi\040di\040forze}{chapter.8}% 53
\BOOKMARK [2][-]{subsection.8.4.1}{Gravità}{section.8.4}% 54
\BOOKMARK [3][-]{subsubsection*.20}{Legge\040di\040gravitazione\040universale}{subsection.8.4.1}% 55
\BOOKMARK [3][-]{subsubsection*.21}{Campo di gravità}{subsection.8.4.1}% 56
\BOOKMARK [3][-]{subsubsection*.22}{Campo di gravità nei pressi della superficie terrestre}{subsection.8.4.1}% 57
\BOOKMARK [2][-]{subsection.8.4.2}{Azioni\040elastiche:\040molle\040lineari}{section.8.4}% 58
\BOOKMARK [2][-]{subsection.8.4.3}{Azioni\040di\040contatto}{section.8.4}% 59
\BOOKMARK [3][-]{subsubsection*.23}{Reazioni\040vincolari\040di\040vincoli\040ideali}{subsection.8.4.3}% 60
\BOOKMARK [4][-]{paragraph*.24}{Incastro}{subsubsection*.23}% 61
\BOOKMARK [4][-]{paragraph*.25}{Pattino}{subsubsection*.23}% 62
\BOOKMARK [4][-]{paragraph*.26}{Cerniera\040\(cilindrica\)}{subsubsection*.23}% 63
\BOOKMARK [4][-]{paragraph*.27}{Cerniera\040\(sferica\)}{subsubsection*.23}% 64
\BOOKMARK [4][-]{paragraph*.28}{Carrello}{subsubsection*.23}% 65
\BOOKMARK [4][-]{paragraph*.29}{Appoggio}{subsubsection*.23}% 66
\BOOKMARK [3][-]{subsubsection*.30}{Attrito}{subsection.8.4.3}% 67
\BOOKMARK [4][-]{paragraph*.31}{Attrito\040statico}{subsubsection*.30}% 68
\BOOKMARK [4][-]{paragraph*.32}{Attrito\040dinamico}{subsubsection*.30}% 69
\BOOKMARK [4][-]{paragraph*.33}{Puro\040rotolamento}{subsubsection*.30}% 70
\BOOKMARK [1][-]{section.8.5}{Problemi}{chapter.8}% 71
\BOOKMARK [0][-]{chapter.9}{Statica}{part.3}% 72
\BOOKMARK [1][-]{section.9.1}{Statica\040del\040punto}{chapter.9}% 73
\BOOKMARK [1][-]{section.9.2}{Statica\040di\040un\040corpo\040rigido}{chapter.9}% 74
\BOOKMARK [2][-]{subsection.9.2.1}{Problemi\040nel\040piano}{section.9.2}% 75
\BOOKMARK [3][-]{subsubsection*.44}{Esempi\040ed\040esercizi}{subsection.9.2.1}% 76
\BOOKMARK [1][-]{section.9.3}{Statica\040dei\040mezzi\040deformabili}{chapter.9}% 77
\BOOKMARK [2][-]{subsection.9.3.1}{Strutture}{section.9.3}% 78
\BOOKMARK [2][-]{subsection.9.3.2}{Fluidi}{section.9.3}% 79
\BOOKMARK [3][-]{subsubsection*.45}{Legge\040di\040Stevino}{subsection.9.3.2}% 80
\BOOKMARK [3][-]{subsubsection*.46}{Legge\040di\040Archimede}{subsection.9.3.2}% 81
\BOOKMARK [1][-]{section.9.4}{Problemi}{chapter.9}% 82
\BOOKMARK [2][-]{subsection.9.4.1}{Statica\040del\040punto\040materiale}{section.9.4}% 83
\BOOKMARK [2][-]{subsection.9.4.2}{Sistemi\040di\040punti\040materiali}{section.9.4}% 84
\BOOKMARK [2][-]{subsection.9.4.3}{Statica\040del\040corpo\040rigido}{section.9.4}% 85
\BOOKMARK [2][-]{subsection.9.4.4}{Miscellanea}{section.9.4}% 86
\BOOKMARK [0][-]{chapter.10}{Inerzia}{part.3}% 87
\BOOKMARK [1][-]{section.10.1}{Massa\040e\040distribuzione\040di\040massa}{chapter.10}% 88
\BOOKMARK [1][-]{section.10.2}{Quantità dinamiche}{chapter.10}% 89
\BOOKMARK [1][-]{section.10.3}{Inerzia\040e\040grandezze\040dinamiche\040di\040un\040punto}{chapter.10}% 90
\BOOKMARK [1][-]{section.10.4}{Inerzia\040e\040grandezze\040dinamiche\040di\040un\040sistema\040esteso\040con\040distribuzione\040discreta\040di\040massa}{chapter.10}% 91
\BOOKMARK [2][-]{subsection.10.4.1}{Sistemi\040rigidi}{section.10.4}% 92
\BOOKMARK [1][-]{section.10.5}{Inerzia\040e\040grandezze\040dinamiche\040di\040un\040sistema\040esteso\040con\040distribuzione\040continua\040di\040massa}{chapter.10}% 93
\BOOKMARK [2][-]{subsection.10.5.1}{Sistemi\040rigidi}{section.10.5}% 94
\BOOKMARK [1][-]{section.10.6}{Problemi}{chapter.10}% 95
\BOOKMARK [2][-]{subsection.10.6.1}{Punti\040Materiali}{section.10.6}% 96
\BOOKMARK [2][-]{subsection.10.6.2}{Sistemi\040di\040Punti\040Materiali}{section.10.6}% 97
\BOOKMARK [2][-]{subsection.10.6.3}{Sistemi\040con\040Distribuzione\040Continua\040di\040Massa}{section.10.6}% 98
\BOOKMARK [0][-]{chapter.11}{Dinamica}{part.3}% 99
\BOOKMARK [1][-]{section.11.1}{Princìpi della dinamica di Newton}{chapter.11}% 100
\BOOKMARK [2][-]{subsection.11.1.1}{Sistemi\040di\040riferimento\040inerziali\040e\040invarianza\040galileiana.}{section.11.1}% 101
\BOOKMARK [1][-]{section.11.2}{Equazioni\040cardinali\040della\040dinamica\040per\040sistemi\040chiusi}{chapter.11}% 102
\BOOKMARK [2][-]{subsection.11.2.1}{Equazioni\040cardinali\040della\040dinamica\040per\040un\040punto}{section.11.2}% 103
\BOOKMARK [2][-]{subsection.11.2.2}{Equazioni\040cardinali\040della\040dinamica\040per\040sistemi\040di\040punti}{section.11.2}% 104
\BOOKMARK [2][-]{subsection.11.2.3}{Equazioni\040cardinali\040della\040dinamica\040per\040un\040corpo\040rigido\040in\040moto\040piano}{section.11.2}% 105
\BOOKMARK [1][-]{section.11.3}{Leggi\040di\040conservazione}{chapter.11}% 106
\BOOKMARK [1][-]{section.11.4}{Equazioni\040cardinali\040della\040dinamica\040per\040sistemi\040aperti}{chapter.11}% 107
\BOOKMARK [2][-]{subsection.11.4.1}{Esempi}{section.11.4}% 108
\BOOKMARK [1][-]{section.11.5}{Collisioni}{chapter.11}% 109
\BOOKMARK [2][-]{subsection.11.5.1}{Problemi}{section.11.5}% 110
\BOOKMARK [1][-]{section.11.6}{Gravitazione}{chapter.11}% 111
\BOOKMARK [2][-]{subsection.11.6.1}{Legge\040di\040gravitazione\040universale}{section.11.6}% 112
\BOOKMARK [2][-]{subsection.11.6.2}{Problema\040dei\040due\040corpi}{section.11.6}% 113
\BOOKMARK [3][-]{subsubsection*.85}{Traiettorie,\040coniche,\040ed\040energia}{subsection.11.6.2}% 114
\BOOKMARK [3][-]{subsubsection*.86}{Traiettorie\040chiuse\040e\040leggi\040di\040Keplero}{subsection.11.6.2}% 115
\BOOKMARK [1][-]{section.11.7}{Problemi}{chapter.11}% 116
\BOOKMARK [2][-]{subsection.11.7.1}{Moto\040di\040un\040punto\040materiale}{section.11.7}% 117
\BOOKMARK [2][-]{subsection.11.7.2}{Moto\040di\040sistemi\040di\040punti\040materiali}{section.11.7}% 118
\BOOKMARK [2][-]{subsection.11.7.3}{Moto\040di\040corpi\040rigidi\040in\0402D}{section.11.7}% 119
\BOOKMARK [2][-]{subsection.11.7.4}{Collisioni}{section.11.7}% 120
\BOOKMARK [2][-]{subsection.11.7.5}{Gravitazione}{section.11.7}% 121
\BOOKMARK [2][-]{subsection.11.7.6}{Equilibrio e Stabilità}{section.11.7}% 122
\BOOKMARK [-1][-]{part.4}{IV\040Termodinamica}{}% 123
\BOOKMARK [0][-]{chapter.12}{Introduzione\040alla\040termodinamica}{part.4}% 124
\BOOKMARK [1][-]{section.12.1}{Breve\040storia\040della\040termodinamica}{chapter.12}% 125
\BOOKMARK [1][-]{section.12.2}{Esperienze\040ed\040esperimenti}{chapter.12}% 126
\BOOKMARK [2][-]{subsection.12.2.1}{Esperienza\040di\040Torricelli}{section.12.2}% 127
\BOOKMARK [2][-]{subsection.12.2.2}{Prime\040esperienze\040sui\040gas\040-\040esperimento\040di\040Boyle}{section.12.2}% 128
\BOOKMARK [2][-]{subsection.12.2.3}{Dilatazione\040sostanze}{section.12.2}% 129
\BOOKMARK [2][-]{subsection.12.2.4}{Scale\040di\040temperatura}{section.12.2}% 130
\BOOKMARK [3][-]{subsubsection*.128}{Scale\040empiriche}{subsection.12.2.4}% 131
\BOOKMARK [3][-]{subsubsection*.129}{Scala\040termodinamica}{subsection.12.2.4}% 132
\BOOKMARK [2][-]{subsection.12.2.5}{Equilibrio\040termico}{section.12.2}% 133
\BOOKMARK [2][-]{subsection.12.2.6}{Teoria\040cinetica\040dei\040gas}{section.12.2}% 134
\BOOKMARK [2][-]{subsection.12.2.7}{Calorimetria:\040calore\040latente\040e\040calore\040specifico}{section.12.2}% 135
\BOOKMARK [2][-]{subsection.12.2.8}{Esperienze\040sui\040gas,\040ed\040equazione\040di\040stato\040dei\040gas\040perfetti}{section.12.2}% 136
\BOOKMARK [2][-]{subsection.12.2.9}{Energia,\040Lavoro\040e\040Calore}{section.12.2}% 137
\BOOKMARK [2][-]{subsection.12.2.10}{Formalismo e prìncipi della termodinamica classica}{section.12.2}% 138
\BOOKMARK [2][-]{subsection.12.2.11}{Meccanica\040statistica}{section.12.2}% 139
\BOOKMARK [1][-]{section.12.3}{Termodinamica\040e\040teoria\040atomica}{chapter.12}% 140
\BOOKMARK [2][-]{subsection.12.3.1}{Stati\040della\040materia}{section.12.3}% 141
\BOOKMARK [2][-]{subsection.12.3.2}{Cambiamenti\040di\040stato}{section.12.3}% 142
\BOOKMARK [2][-]{subsection.12.3.3}{Variabili\040di\040stato}{section.12.3}% 143
\BOOKMARK [1][-]{section.12.4}{Concetti\040in\040termodinamica}{chapter.12}% 144
\BOOKMARK [2][-]{subsection.12.4.1}{Grandezze\040fisiche}{section.12.4}% 145
\BOOKMARK [2][-]{subsection.12.4.2}{Grandezze\040intensive,\040estensive,\040specifiche}{section.12.4}% 146
\BOOKMARK [2][-]{subsection.12.4.3}{Sistema,\040ambiente\040esterno}{section.12.4}% 147
\BOOKMARK [2][-]{subsection.12.4.4}{Sistema aperto/chiuso, isolato,…}{section.12.4}% 148
\BOOKMARK [2][-]{subsection.12.4.5}{Equilibrio\040termodinamico}{section.12.4}% 149
\BOOKMARK [2][-]{subsection.12.4.6}{Sistema\040semplice/composto}{section.12.4}% 150
\BOOKMARK [1][-]{section.12.5}{Problemi}{chapter.12}% 151
\BOOKMARK [2][-]{subsection.12.5.1}{todo …}{section.12.5}% 152
\BOOKMARK [2][-]{subsection.12.5.2}{Calorimetria}{section.12.5}% 153
\BOOKMARK [0][-]{chapter.13}{Princìpi della termodinamica}{part.4}% 154
\BOOKMARK [1][-]{section.13.1}{Principio\040di\040Lavoisier}{chapter.13}% 155
\BOOKMARK [1][-]{section.13.2}{Primo\040principio\040della\040termodinamica}{chapter.13}% 156
\BOOKMARK [1][-]{section.13.3}{Gibbs:\040energia\040interna,\040regola\040delle\040fasi\040e\040funzioni\040multi-variabili}{chapter.13}% 157
\BOOKMARK [2][-]{subsection.13.3.1}{Variabili\040di\040stato}{section.13.3}% 158
\BOOKMARK [2][-]{subsection.13.3.2}{Energia\040interna}{section.13.3}% 159
\BOOKMARK [2][-]{subsection.13.3.3}{Regola\040delle\040fasi\040di\040Gibbs}{section.13.3}% 160
\BOOKMARK [2][-]{subsection.13.3.4}{Primo\040principio\040in\040termini\040delle\040variabili\040di\040stato}{section.13.3}% 161
\BOOKMARK [1][-]{section.13.4}{Diagrammi\040termodinamici}{chapter.13}% 162
\BOOKMARK [2][-]{subsection.13.4.1}{Diagramma\040di\040stato\040di\040un\040sistema\040mono-componente\040gassoso}{section.13.4}% 163
\BOOKMARK [3][-]{subsubsection*.132}{Piano\040di\040Clapeyron,\040P-V}{subsection.13.4.1}% 164
\BOOKMARK [3][-]{subsubsection*.133}{Piano\040entropico,\040T-S}{subsection.13.4.1}% 165
\BOOKMARK [1][-]{section.13.5}{Secondo\040principio\040della\040termodinamica\040-\040enunciato\040di\040Clausius}{chapter.13}% 166
\BOOKMARK [2][-]{subsection.13.5.1}{Sistemi\040semplici}{section.13.5}% 167
\BOOKMARK [2][-]{subsection.13.5.2}{Sistemi\040composti}{section.13.5}% 168
\BOOKMARK [2][-]{subsection.13.5.3}{Aumento dell’entropia nell’universo}{section.13.5}% 169
\BOOKMARK [1][-]{section.13.6}{Sistemi\040aperti}{chapter.13}% 170
\BOOKMARK [2][-]{subsection.13.6.1}{Bilancio\040di\040massa}{section.13.6}% 171
\BOOKMARK [2][-]{subsection.13.6.2}{Bilancio della quantità di moto}{section.13.6}% 172
\BOOKMARK [2][-]{subsection.13.6.3}{Bilancio del momento della quantità di moto}{section.13.6}% 173
\BOOKMARK [2][-]{subsection.13.6.4}{Bilancio dell’energia totale}{section.13.6}% 174
\BOOKMARK [1][-]{section.13.7}{Problemi}{chapter.13}% 175
\BOOKMARK [2][-]{subsection.13.7.1}{Calorimetria}{section.13.7}% 176
\BOOKMARK [2][-]{subsection.13.7.2}{Primo\040principio}{section.13.7}% 177
\BOOKMARK [2][-]{subsection.13.7.3}{Secondo\040principio}{section.13.7}% 178
\BOOKMARK [2][-]{subsection.13.7.4}{Sistemi\040aperti}{section.13.7}% 179
\BOOKMARK [2][-]{subsection.13.7.5}{Problemi\040generali}{section.13.7}% 180
\BOOKMARK [0][-]{chapter.14}{Stati\040della\040materia}{part.4}% 181
\BOOKMARK [1][-]{section.14.1}{Gas\040ideali}{chapter.14}% 182
\BOOKMARK [2][-]{subsection.14.1.1}{Esperimenti}{section.14.1}% 183
\BOOKMARK [3][-]{subsubsection*.152}{Esperimenti\040e\040leggi}{subsection.14.1.1}% 184
\BOOKMARK [4][-]{paragraph*.153}{Legge\040di\040Boyle}{subsubsection*.152}% 185
\BOOKMARK [4][-]{paragraph*.154}{Legge\040di\040Charles}{subsubsection*.152}% 186
\BOOKMARK [4][-]{paragraph*.155}{Legge\040di\040Gay-Lussac}{subsubsection*.152}% 187
\BOOKMARK [5][-]{subparagraph*.156}{Scala\040di\040temperatura\040assoluta}{paragraph*.155}% 188
\BOOKMARK [4][-]{paragraph*.157}{Legge\040di\040Avogadro}{subsubsection*.152}% 189
\BOOKMARK [3][-]{subsubsection*.158}{Legge\040dei\040gas\040ideali}{subsection.14.1.1}% 190
\BOOKMARK [2][-]{subsection.14.1.2}{Espressioni diverse dell’equazione di stato dei gas perfetti}{section.14.1}% 191
\BOOKMARK [2][-]{subsection.14.1.3}{Teoria\040cinetica\040dei\040gas}{section.14.1}% 192
\BOOKMARK [2][-]{subsection.14.1.4}{Caratteristiche\040dei\040gas\040perfetti}{section.14.1}% 193
\BOOKMARK [3][-]{subsubsection*.159}{Legge\040di\040stato}{subsection.14.1.4}% 194
\BOOKMARK [3][-]{subsubsection*.160}{Primo\040principio\040della\040termodinamica}{subsection.14.1.4}% 195
\BOOKMARK [3][-]{subsubsection*.161}{Energia\040interna,\040entalpia\040e\040calori\040specifici}{subsection.14.1.4}% 196
\BOOKMARK [3][-]{subsubsection*.162}{Variazioni\040di\040entropia}{subsection.14.1.4}% 197
\BOOKMARK [1][-]{section.14.2}{Miscele\040di\040gas}{chapter.14}% 198
\BOOKMARK [2][-]{subsection.14.2.1}{Aria\040umida}{section.14.2}% 199
\BOOKMARK [3][-]{subsubsection*.163}{Definizioni}{subsection.14.2.1}% 200
\BOOKMARK [3][-]{subsubsection*.164}{Aria\040secca\040e\040vapore\040acqueo}{subsection.14.2.1}% 201
\BOOKMARK [3][-]{subsubsection*.165}{Regola\040delle\040fasi\040di\040Gibbs}{subsection.14.2.1}% 202
\BOOKMARK [3][-]{subsubsection*.166}{Misure di umidità}{subsection.14.2.1}% 203
\BOOKMARK [4][-]{paragraph*.167}{Umidità specifica o titolo, x}{subsubsection*.166}% 204
\BOOKMARK [4][-]{paragraph*.168}{Umidità relativa}{subsubsection*.166}% 205
\BOOKMARK [3][-]{subsubsection*.169}{Entalpia dell’aria umida}{subsection.14.2.1}% 206
\BOOKMARK [3][-]{subsubsection*.170}{Tabelle}{subsection.14.2.1}% 207
\BOOKMARK [3][-]{subsubsection*.171}{Diagrammi}{subsection.14.2.1}% 208
\BOOKMARK [3][-]{subsubsection*.172}{Temperature e misure di umidità}{subsection.14.2.1}% 209
\BOOKMARK [3][-]{subsubsection*.173}{Trasformazioni dell’aria umida}{subsection.14.2.1}% 210
\BOOKMARK [3][-]{subsubsection*.174}{Esercizi}{subsection.14.2.1}% 211
\BOOKMARK [1][-]{section.14.3}{Solidi\040elastici}{chapter.14}% 212
\BOOKMARK [2][-]{subsection.14.3.1}{Solido\040elastico\040lineare\0401-dimensionale}{section.14.3}% 213
\BOOKMARK [1][-]{section.14.4}{Problemi}{chapter.14}% 214
\BOOKMARK [2][-]{subsection.14.4.1}{Gas\040ideali}{section.14.4}% 215
\BOOKMARK [2][-]{subsection.14.4.2}{Teorica\040cinetica\040dei\040gas}{section.14.4}% 216
\BOOKMARK [2][-]{subsection.14.4.3}{Miscele\040di\040gas}{section.14.4}% 217
\BOOKMARK [2][-]{subsection.14.4.4}{Aria\040umida}{section.14.4}% 218
\BOOKMARK [2][-]{subsection.14.4.5}{Solidi\040elastici\040lineari}{section.14.4}% 219
\BOOKMARK [0][-]{chapter.15}{Fondamenti\040di\040fisica\040tecnica}{part.4}% 220
\BOOKMARK [1][-]{section.15.1}{Cicli\040termodinamici}{chapter.15}% 221
\BOOKMARK [1][-]{section.15.2}{Macchina\040termica\040di\040Carnot}{chapter.15}% 222
\BOOKMARK [1][-]{section.15.3}{Secondo\040principio\040della\040termodinamica\040per\040cicli\040termodinamici}{chapter.15}% 223
\BOOKMARK [2][-]{subsection.15.3.1}{Enunciato\040di\040Kelvin}{section.15.3}% 224
\BOOKMARK [2][-]{subsection.15.3.2}{Enunciato\040di\040Planck}{section.15.3}% 225
\BOOKMARK [1][-]{section.15.4}{Macchine\040termiche\040e\040cicli\040termodinamici}{chapter.15}% 226
\BOOKMARK [2][-]{subsection.15.4.1}{Ciclo\040Otto}{section.15.4}% 227
\BOOKMARK [3][-]{subsubsection*.175}{Ciclo\040Otto\040reale}{subsection.15.4.1}% 228
\BOOKMARK [3][-]{subsubsection*.176}{Ciclo\040Otto\040ideale}{subsection.15.4.1}% 229
\BOOKMARK [3][-]{subsubsection*.177}{Rendimento\040del\040ciclo\040Otto}{subsection.15.4.1}% 230
\BOOKMARK [3][-]{subsubsection*.178}{Funzionamento\040di\040un\040motore\040a\040combustione\040interna}{subsection.15.4.1}% 231
\BOOKMARK [3][-]{subsubsection*.179}{Esempio}{subsection.15.4.1}% 232
\BOOKMARK [2][-]{subsection.15.4.2}{Ciclo\040Diesel}{section.15.4}% 233
\BOOKMARK [3][-]{subsubsection*.180}{Ciclo\040Diesel\040reale}{subsection.15.4.2}% 234
\BOOKMARK [2][-]{subsection.15.4.3}{Ciclo\040Joule-Brayton}{section.15.4}% 235
\BOOKMARK [3][-]{subsubsection*.181}{Ciclo\040Joule-Brayton\040aperto}{subsection.15.4.3}% 236
\BOOKMARK [3][-]{subsubsection*.182}{Ciclo\040Joule-Brayton\040chiuso}{subsection.15.4.3}% 237
\BOOKMARK [3][-]{subsubsection*.183}{Rendimento\040del\040ciclo\040Joule-Brayton}{subsection.15.4.3}% 238
\BOOKMARK [3][-]{subsubsection*.184}{Esempio}{subsection.15.4.3}% 239
\BOOKMARK [2][-]{subsection.15.4.4}{Ciclo\040Rankine}{section.15.4}% 240
\BOOKMARK [1][-]{section.15.5}{Problemi}{chapter.15}% 241
\BOOKMARK [0][-]{chapter.16}{Meccanismi\040di\040trasmissione\040del\040calore}{part.4}% 242
\BOOKMARK [1][-]{section.16.1}{Problemi}{chapter.16}% 243
\BOOKMARK [-1][-]{part.5}{V\040Elettromagnetismo}{}% 244
\BOOKMARK [0][-]{chapter.17}{Introduzione all’elettromagnetismo}{part.5}% 245
\BOOKMARK [1][-]{section.17.1}{Breve storia dell’elettromagnetismo}{chapter.17}% 246
\BOOKMARK [1][-]{section.17.2}{Esperienze\040ed\040esperimenti}{chapter.17}% 247
\BOOKMARK [2][-]{subsection.17.2.1}{Elettrizzazione}{section.17.2}% 248
\BOOKMARK [2][-]{subsection.17.2.2}{Conservazione\040della\040carica}{section.17.2}% 249
\BOOKMARK [2][-]{subsection.17.2.3}{Coulomb}{section.17.2}% 250
\BOOKMARK [2][-]{subsection.17.2.4}{Campo\040elettrico\040ed\040energia\040del\040campo\040elettrico}{section.17.2}% 251
\BOOKMARK [2][-]{subsection.17.2.5}{Pila\040di\040Volta}{section.17.2}% 252
\BOOKMARK [2][-]{subsection.17.2.6}{…}{section.17.2}% 253
\BOOKMARK [1][-]{section.17.3}{Problemi}{chapter.17}% 254
\BOOKMARK [0][-]{chapter.18}{Fondamenti\040di\040elettromagnetismo}{part.5}% 255
\BOOKMARK [1][-]{section.18.1}{Elettrostatica}{chapter.18}% 256
\BOOKMARK [2][-]{subsection.18.1.1}{Legge\040di\040Coulomb}{section.18.1}% 257
\BOOKMARK [3][-]{subsubsection*.185}{Misura\040della\040carica\040elettrica}{subsection.18.1.1}% 258
\BOOKMARK [2][-]{subsection.18.1.2}{Il\040campo\040elettrico}{section.18.1}% 259
\BOOKMARK [3][-]{subsubsection*.186}{Campo\040conservativo}{subsection.18.1.2}% 260
\BOOKMARK [3][-]{subsubsection*.187}{Energia\040potenziale\040di\040una\040distribuzione\040di\040cariche}{subsection.18.1.2}% 261
\BOOKMARK [2][-]{subsection.18.1.3}{Campo\040elettrico\040nei\040materiali}{section.18.1}% 262
\BOOKMARK [2][-]{subsection.18.1.4}{Verso\040le\040equazioni\040di\040Maxwell}{section.18.1}% 263
\BOOKMARK [3][-]{subsubsection*.188}{Legge\040di\040Gauss\040per\040il\040flusso\040del\040campo\040elettrico}{subsection.18.1.4}% 264
\BOOKMARK [3][-]{subsubsection*.189}{Legge\040di\040Faraday,\040in\040elettrostatica}{subsection.18.1.4}% 265
\BOOKMARK [2][-]{subsection.18.1.5}{Moto\040di\040una\040carica\040in\040un\040campo\040elettrico}{section.18.1}% 266
\BOOKMARK [2][-]{subsection.18.1.6}{Condensatore}{section.18.1}% 267
\BOOKMARK [3][-]{subsubsection*.190}{Condensatore\040infinito\040piano}{subsection.18.1.6}% 268
\BOOKMARK [1][-]{section.18.2}{Corrente\040elettrica}{chapter.18}% 269
\BOOKMARK [2][-]{subsection.18.2.1}{Strumenti:\040misura\040e\040generazione}{section.18.2}% 270
\BOOKMARK [2][-]{subsection.18.2.2}{Legge\040di\040conservazione\040della\040carica\040elettrica}{section.18.2}% 271
\BOOKMARK [2][-]{subsection.18.2.3}{Conduzione}{section.18.2}% 272
\BOOKMARK [3][-]{subsubsection*.191}{Conduzione nei solidi «di Ohm»}{subsection.18.2.3}% 273
\BOOKMARK [3][-]{subsubsection*.192}{Conduzione\040nei\040gas}{subsection.18.2.3}% 274
\BOOKMARK [3][-]{subsubsection*.193}{Conduzione\040nei\040vuoto?}{subsection.18.2.3}% 275
\BOOKMARK [3][-]{subsubsection*.194}{Conduzione\040nei\040semiconduttori}{subsection.18.2.3}% 276
\BOOKMARK [1][-]{section.18.3}{Magnetismo\040ed\040elettromagnetismo\040in\040regime\040stazionario}{chapter.18}% 277
\BOOKMARK [2][-]{subsection.18.3.1}{Esperienze\040elementari\040su\040campo\040magnetico}{section.18.3}% 278
\BOOKMARK [2][-]{subsection.18.3.2}{Esperienza\040di\040Faraday}{section.18.3}% 279
\BOOKMARK [3][-]{subsubsection*.195}{Il\040galvanometro}{subsection.18.3.2}% 280
\BOOKMARK [2][-]{subsection.18.3.3}{Esperienze\040di\040Oersted\040e\040Ampere}{section.18.3}% 281
\BOOKMARK [3][-]{subsubsection*.196}{Legge di Ampére}{subsection.18.3.3}% 282
\BOOKMARK [3][-]{subsubsection*.197}{Legge\040di\040Biot-Savart}{subsection.18.3.3}% 283
\BOOKMARK [3][-]{subsubsection*.198}{Formula\040generale}{subsection.18.3.3}% 284
\BOOKMARK [4][-]{paragraph*.199}{Filo\040rettilineo\040infinito}{subsubsection*.198}% 285
\BOOKMARK [3][-]{subsubsection*.200}{Esempi:\040spira\040e\040solenoide}{subsection.18.3.3}% 286
\BOOKMARK [4][-]{paragraph*.201}{Spira\040circolare}{subsubsection*.200}% 287
\BOOKMARK [4][-]{paragraph*.202}{Solenoide\040rettilineo}{subsubsection*.200}% 288
\BOOKMARK [4][-]{paragraph*.203}{Solenoide\040toroidale}{subsubsection*.200}% 289
\BOOKMARK [2][-]{subsection.18.3.4}{Verso\040le\040equazioni\040di\040Maxwell}{section.18.3}% 290
\BOOKMARK [3][-]{subsubsection*.204}{Legge\040di\040Gauss\040per\040il\040flusso\040del\040campo\040magnetico}{subsection.18.3.4}% 291
\BOOKMARK [3][-]{subsubsection*.205}{Legge di Ampére}{subsection.18.3.4}% 292
\BOOKMARK [2][-]{subsection.18.3.5}{Modelli\040microscopici\040del\040magnetismo}{section.18.3}% 293
\BOOKMARK [2][-]{subsection.18.3.6}{Moto\040di\040una\040carica\040elettrica\040in\040un\040campo\040elettromagnetico}{section.18.3}% 294
\BOOKMARK [1][-]{section.18.4}{Induzione\040ed\040elettromagnetismo}{chapter.18}% 295
\BOOKMARK [2][-]{subsection.18.4.1}{Legge di Faraday per l’induzione elettromagnetica}{section.18.4}% 296
\BOOKMARK [2][-]{subsection.18.4.2}{Correzione di Maxwell dell’equazione di Ampére}{section.18.4}% 297
\BOOKMARK [2][-]{subsection.18.4.3}{Equazioni di Maxwell dell’elettromagnetismo}{section.18.4}% 298
\BOOKMARK [0][-]{chapter.19}{Fondamenti\040di\040elettrotecnica}{part.5}% 299
\BOOKMARK [1][-]{section.19.1}{Circuiti\040elettrici}{chapter.19}% 300
\BOOKMARK [2][-]{subsection.19.1.1}{Approssimazione\040circuitale\040-\040leggi\040di\040Kirchhoff}{section.19.1}% 301
\BOOKMARK [2][-]{subsection.19.1.2}{Componenti\040discreti}{section.19.1}% 302
\BOOKMARK [3][-]{subsubsection*.206}{Resistenza\040elettrica}{subsection.19.1.2}% 303
\BOOKMARK [3][-]{subsubsection*.207}{Condensatore}{subsection.19.1.2}% 304
\BOOKMARK [3][-]{subsubsection*.208}{Induttore}{subsection.19.1.2}% 305
\BOOKMARK [3][-]{subsubsection*.209}{Generatore\040di\040tensione}{subsection.19.1.2}% 306
\BOOKMARK [3][-]{subsubsection*.210}{Generatore\040di\040corrente}{subsection.19.1.2}% 307
\BOOKMARK [2][-]{subsection.19.1.3}{Regimi\040di\040funzionamento}{section.19.1}% 308
\BOOKMARK [3][-]{subsubsection*.211}{Regime\040stazionario}{subsection.19.1.3}% 309
\BOOKMARK [3][-]{subsubsection*.212}{Transitori}{subsection.19.1.3}% 310
\BOOKMARK [3][-]{subsubsection*.213}{Regime\040periodico}{subsection.19.1.3}% 311
\BOOKMARK [4][-]{paragraph*.214}{Sistemi\040trifase}{subsubsection*.213}% 312
\BOOKMARK [1][-]{section.19.2}{Circuiti\040magnetici}{chapter.19}% 313
\BOOKMARK [2][-]{subsection.19.2.1}{Approssimazinoe\040circuitale\040-\040leggi\040di\040Kirchhoff}{section.19.2}% 314
\BOOKMARK [2][-]{subsection.19.2.2}{Trasformatore}{section.19.2}% 315
\BOOKMARK [1][-]{section.19.3}{Sistemi\040elettromeccanici\040e\040macchine\040elettriche}{chapter.19}% 316
\BOOKMARK [2][-]{subsection.19.3.1}{Motori\040e\040generatori\040elettrici}{section.19.3}% 317
\BOOKMARK [3][-]{subsubsection*.215}{Esempio\040elementare}{subsection.19.3.1}% 318
\BOOKMARK [3][-]{subsubsection*.216}{Motori\040elettrici\040in\040DC}{subsection.19.3.1}% 319
\BOOKMARK [3][-]{subsubsection*.217}{Motori\040elettrici\040in\040AC}{subsection.19.3.1}% 320
\BOOKMARK [2][-]{subsection.19.3.2}{Serratura\040magnetica}{section.19.3}% 321
\BOOKMARK [0][-]{chapter.20}{Onde\040elettromagnetiche}{part.5}% 322
\BOOKMARK [-1][-]{part.6}{VI\040Fisica\040moderna}{}% 323
\BOOKMARK [0][-]{chapter.21}{Fisica\040del\040XX\040secolo}{part.6}% 324
\BOOKMARK [1][-]{section.21.1}{Struttura\040del\040capitolo}{chapter.21}% 325
\BOOKMARK [2][-]{subsection.21.1.1}{Domande}{section.21.1}% 326
\BOOKMARK [2][-]{subsection.21.1.2}{Macro-argomenti}{section.21.1}% 327
\BOOKMARK [3][-]{subsubsection*.218}{Materia\040e\040luce}{subsection.21.1.2}% 328
\BOOKMARK [3][-]{subsubsection*.219}{Relatività di Einstein}{subsection.21.1.2}% 329
\BOOKMARK [2][-]{subsection.21.1.3}{Esperienze}{section.21.1}% 330
\BOOKMARK [2][-]{subsection.21.1.4}{Tecniche\040di\040misura}{section.21.1}% 331
\BOOKMARK [0][-]{chapter.22}{Introduzione\040alla\040fisica\040del\040XX\040secolo}{part.6}% 332
\BOOKMARK [0][-]{chapter.23}{Radioattività}{part.6}% 333
\BOOKMARK [1][-]{section.23.1}{Storia}{chapter.23}% 334
\BOOKMARK [2][-]{subsection.23.1.1}{Raggi\040X}{section.23.1}% 335
\BOOKMARK [2][-]{subsection.23.1.2}{Radioattività}{section.23.1}% 336
\BOOKMARK [2][-]{subsection.23.1.3}{J.J.Thomson}{section.23.1}% 337
\BOOKMARK [2][-]{subsection.23.1.4}{E.Rutherford}{section.23.1}% 338
\BOOKMARK [2][-]{subsection.23.1.5}{N.Bohr}{section.23.1}% 339
\BOOKMARK [1][-]{section.23.2}{Applicazioni}{chapter.23}% 340
\BOOKMARK [1][-]{section.23.3}{Riferimenti}{chapter.23}% 341
\BOOKMARK [1][-]{section.23.4}{Esercizi}{chapter.23}% 342
\BOOKMARK [0][-]{chapter.24}{Fenomeni\040termo-elettrici\040nella\040materia}{part.6}% 343
\BOOKMARK [0][-]{chapter.25}{Fotografia}{part.6}% 344
\BOOKMARK [0][-]{chapter.26}{Sviluppi dell’astronomia}{part.6}% 345
\BOOKMARK [1][-]{section.26.1}{Breve\040storia}{chapter.26}% 346
\BOOKMARK [-1][-]{part.7}{VII\040Indice}{}% 347
\BOOKMARK [0][-]{chapter.27}{Indice}{part.7}% 348
\BOOKMARK [0][-]{section*.220}{Proof\040Index}{part.7}% 349
